This is pdfTeX, Version 3.14159265-2.6-1.40.21 (TeX Live 2020) (preloaded format=pdflatex 2020.11.19)  21 NOV 2020 00:58
entering extended mode
 restricted \write18 enabled.
 %&-line parsing enabled.
**Thesis.tex
(./Thesis.tex
LaTeX2e <2020-10-01> patch level 2
L3 programming layer <2020-10-27> xparse <2020-03-03>
(/usr/local/texlive/2020/texmf-dist/tex/latex/base/report.cls
Document Class: report 2020/04/10 v1.4m Standard LaTeX document class
(/usr/local/texlive/2020/texmf-dist/tex/latex/base/size10.clo
File: size10.clo 2020/04/10 v1.4m Standard LaTeX file (size option)
)
\c@part=\count175
\c@chapter=\count176
\c@section=\count177
\c@subsection=\count178
\c@subsubsection=\count179
\c@paragraph=\count180
\c@subparagraph=\count181
\c@figure=\count182
\c@table=\count183
\abovecaptionskip=\skip47
\belowcaptionskip=\skip48
\bibindent=\dimen138
)
(./Thesis_Preamble.tex
(/usr/local/texlive/2020/texmf-dist/tex/latex/base/inputenc.sty
Package: inputenc 2020/08/01 v1.3d Input encoding file
\inpenc@prehook=\toks15
\inpenc@posthook=\toks16
)
(/usr/local/texlive/2020/texmf-dist/tex/generic/babel/babel.sty
Package: babel 2020/10/27 3.51 The Babel package

(/usr/local/texlive/2020/texmf-dist/tex/generic/babel/babel.def
File: babel.def 2020/10/27 3.51 Babel common definitions
\babel@savecnt=\count184
\U@D=\dimen139
\l@babelnohyphens=\language86

(/usr/local/texlive/2020/texmf-dist/tex/generic/babel/txtbabel.def)
\bbl@readstream=\read2
)
\bbl@dirlevel=\count185

(/usr/local/texlive/2020/texmf-dist/tex/generic/babel-english/english.ldf
Language: english 2017/06/06 v3.3r English support from the babel system
Package babel Info: \l@canadian = using hyphenrules for english
(babel)             (\language0) on input line 102.
Package babel Info: \l@australian = using hyphenrules for ukenglish
(babel)             (\language21) on input line 105.
Package babel Info: \l@newzealand = using hyphenrules for ukenglish
(babel)             (\language21) on input line 108.
))
(/usr/local/texlive/2020/texmf-dist/tex/latex/geometry/geometry.sty
Package: geometry 2020/01/02 v5.9 Page Geometry

(/usr/local/texlive/2020/texmf-dist/tex/latex/graphics/keyval.sty
Package: keyval 2014/10/28 v1.15 key=value parser (DPC)
\KV@toks@=\toks17
)
(/usr/local/texlive/2020/texmf-dist/tex/generic/iftex/ifvtex.sty
Package: ifvtex 2019/10/25 v1.7 ifvtex legacy package. Use iftex instead.

(/usr/local/texlive/2020/texmf-dist/tex/generic/iftex/iftex.sty
Package: iftex 2020/03/06 v1.0d TeX engine tests
))
\Gm@cnth=\count186
\Gm@cntv=\count187
\c@Gm@tempcnt=\count188
\Gm@bindingoffset=\dimen140
\Gm@wd@mp=\dimen141
\Gm@odd@mp=\dimen142
\Gm@even@mp=\dimen143
\Gm@layoutwidth=\dimen144
\Gm@layoutheight=\dimen145
\Gm@layouthoffset=\dimen146
\Gm@layoutvoffset=\dimen147
\Gm@dimlist=\toks18
)
(/usr/local/texlive/2020/texmf-dist/tex/latex/graphics/graphicx.sty
Package: graphicx 2020/09/09 v1.2b Enhanced LaTeX Graphics (DPC,SPQR)

(/usr/local/texlive/2020/texmf-dist/tex/latex/graphics/graphics.sty
Package: graphics 2020/08/30 v1.4c Standard LaTeX Graphics (DPC,SPQR)

(/usr/local/texlive/2020/texmf-dist/tex/latex/graphics/trig.sty
Package: trig 2016/01/03 v1.10 sin cos tan (DPC)
)
(/usr/local/texlive/2020/texmf-dist/tex/latex/graphics-cfg/graphics.cfg
File: graphics.cfg 2016/06/04 v1.11 sample graphics configuration
)
Package graphics Info: Driver file: pdftex.def on input line 105.

(/usr/local/texlive/2020/texmf-dist/tex/latex/graphics-def/pdftex.def
File: pdftex.def 2020/10/05 v1.2a Graphics/color driver for pdftex
))
\Gin@req@height=\dimen148
\Gin@req@width=\dimen149
)
(/usr/local/texlive/2020/texmf-dist/tex/latex/amsmath/amsmath.sty
Package: amsmath 2020/09/23 v2.17i AMS math features
\@mathmargin=\skip49

For additional information on amsmath, use the `?' option.
(/usr/local/texlive/2020/texmf-dist/tex/latex/amsmath/amstext.sty
Package: amstext 2000/06/29 v2.01 AMS text

(/usr/local/texlive/2020/texmf-dist/tex/latex/amsmath/amsgen.sty
File: amsgen.sty 1999/11/30 v2.0 generic functions
\@emptytoks=\toks19
\ex@=\dimen150
))
(/usr/local/texlive/2020/texmf-dist/tex/latex/amsmath/amsbsy.sty
Package: amsbsy 1999/11/29 v1.2d Bold Symbols
\pmbraise@=\dimen151
)
(/usr/local/texlive/2020/texmf-dist/tex/latex/amsmath/amsopn.sty
Package: amsopn 2016/03/08 v2.02 operator names
)
\inf@bad=\count189
LaTeX Info: Redefining \frac on input line 234.
\uproot@=\count190
\leftroot@=\count191
LaTeX Info: Redefining \overline on input line 399.
\classnum@=\count192
\DOTSCASE@=\count193
LaTeX Info: Redefining \ldots on input line 496.
LaTeX Info: Redefining \dots on input line 499.
LaTeX Info: Redefining \cdots on input line 620.
\Mathstrutbox@=\box47
\strutbox@=\box48
\big@size=\dimen152
LaTeX Font Info:    Redeclaring font encoding OML on input line 743.
LaTeX Font Info:    Redeclaring font encoding OMS on input line 744.
\macc@depth=\count194
\c@MaxMatrixCols=\count195
\dotsspace@=\muskip16
\c@parentequation=\count196
\dspbrk@lvl=\count197
\tag@help=\toks20
\row@=\count198
\column@=\count199
\maxfields@=\count266
\andhelp@=\toks21
\eqnshift@=\dimen153
\alignsep@=\dimen154
\tagshift@=\dimen155
\tagwidth@=\dimen156
\totwidth@=\dimen157
\lineht@=\dimen158
\@envbody=\toks22
\multlinegap=\skip50
\multlinetaggap=\skip51
\mathdisplay@stack=\toks23
LaTeX Info: Redefining \[ on input line 2923.
LaTeX Info: Redefining \] on input line 2924.
)
(/usr/local/texlive/2020/texmf-dist/tex/latex/amscls/amsthm.sty
Package: amsthm 2020/05/29 v2.20.6
\thm@style=\toks24
\thm@bodyfont=\toks25
\thm@headfont=\toks26
\thm@notefont=\toks27
\thm@headpunct=\toks28
\thm@preskip=\skip52
\thm@postskip=\skip53
\thm@headsep=\skip54
\dth@everypar=\toks29
)
(/usr/local/texlive/2020/texmf-dist/tex/latex/amsfonts/amsfonts.sty
Package: amsfonts 2013/01/14 v3.01 Basic AMSFonts support
\symAMSa=\mathgroup4
\symAMSb=\mathgroup5
LaTeX Font Info:    Redeclaring math symbol \hbar on input line 98.
LaTeX Font Info:    Overwriting math alphabet `\mathfrak' in version `bold'
(Font)                  U/euf/m/n --> U/euf/b/n on input line 106.
)
(/usr/local/texlive/2020/texmf-dist/tex/latex/mathtools/mathtools.sty
Package: mathtools 2020/03/24 v1.24 mathematical typesetting tools

(/usr/local/texlive/2020/texmf-dist/tex/latex/tools/calc.sty
Package: calc 2017/05/25 v4.3 Infix arithmetic (KKT,FJ)
\calc@Acount=\count267
\calc@Bcount=\count268
\calc@Adimen=\dimen159
\calc@Bdimen=\dimen160
\calc@Askip=\skip55
\calc@Bskip=\skip56
LaTeX Info: Redefining \setlength on input line 80.
LaTeX Info: Redefining \addtolength on input line 81.
\calc@Ccount=\count269
\calc@Cskip=\skip57
)
(/usr/local/texlive/2020/texmf-dist/tex/latex/mathtools/mhsetup.sty
Package: mhsetup 2017/03/31 v1.3 programming setup (MH)
)
LaTeX Info: Thecontrolsequence`\('isalreadyrobust on input line 130.
LaTeX Info: Thecontrolsequence`\)'isalreadyrobust on input line 130.
LaTeX Info: Thecontrolsequence`\['isalreadyrobust on input line 130.
LaTeX Info: Thecontrolsequence`\]'isalreadyrobust on input line 130.
\g_MT_multlinerow_int=\count270
\l_MT_multwidth_dim=\dimen161
\origjot=\skip58
\l_MT_shortvdotswithinadjustabove_dim=\dimen162
\l_MT_shortvdotswithinadjustbelow_dim=\dimen163
\l_MT_above_intertext_sep=\dimen164
\l_MT_below_intertext_sep=\dimen165
\l_MT_above_shortintertext_sep=\dimen166
\l_MT_below_shortintertext_sep=\dimen167
\xmathstrut@box=\box49
\xmathstrut@dim=\dimen168
)
(/usr/local/texlive/2020/texmf-dist/tex/latex/subfigure/subfigure.sty
Package: subfigure 2002/03/15 v2.1.5 subfigure package
\subfigtopskip=\skip59
\subfigcapskip=\skip60
\subfigcaptopadj=\dimen169
\subfigbottomskip=\skip61
\subfigcapmargin=\dimen170
\subfiglabelskip=\skip62
\c@subfigure=\count271
\c@lofdepth=\count272
\c@subtable=\count273
\c@lotdepth=\count274

****************************************
* Local config file subfigure.cfg used *
****************************************
(/usr/local/texlive/2020/texmf-dist/tex/latex/subfigure/subfigure.cfg)
\subfig@top=\skip63
\subfig@bottom=\skip64
)
(/usr/local/texlive/2020/texmf-dist/tex/latex/subfigmat/subfigmat.sty
Package: subfigmat 1999/02/27 v1.0 Subfigure Matrix Package
\sfm@width=\skip65
\sfmcolsep=\skip66
\c@sfm@count=\count275
)
(/usr/local/texlive/2020/texmf-dist/tex/latex/tools/dcolumn.sty
Package: dcolumn 2014/10/28 v1.06 decimal alignment package (DPC)

(/usr/local/texlive/2020/texmf-dist/tex/latex/tools/array.sty
Package: array 2020/10/01 v2.5c Tabular extension package (FMi)
\col@sep=\dimen171
\ar@mcellbox=\box50
\extrarowheight=\dimen172
\NC@list=\toks30
\extratabsurround=\skip67
\backup@length=\skip68
\ar@cellbox=\box51
))
(/usr/local/texlive/2020/texmf-dist/tex/latex/nomencl/nomencl.sty
Package: nomencl 2020/03/01 v5.4 Nomenclature package

(/usr/local/texlive/2020/texmf-dist/tex/latex/xkeyval/xkeyval.sty
Package: xkeyval 2014/12/03 v2.7a package option processing (HA)

(/usr/local/texlive/2020/texmf-dist/tex/generic/xkeyval/xkeyval.tex
(/usr/local/texlive/2020/texmf-dist/tex/generic/xkeyval/xkvutils.tex
\XKV@toks=\toks31
\XKV@tempa@toks=\toks32
)
\XKV@depth=\count276
File: xkeyval.tex 2014/12/03 v2.7a key=value parser (HA)
))
(/usr/local/texlive/2020/texmf-dist/tex/latex/base/ifthen.sty
Package: ifthen 2014/09/29 v1.1c Standard LaTeX ifthen package (DPC)
)
(/usr/local/texlive/2020/texmf-dist/tex/latex/koma-script/tocbasic.sty
Package: tocbasic 2020/09/21 v3.32 KOMA-Script package (handling toc-files)

(/usr/local/texlive/2020/texmf-dist/tex/latex/koma-script/scrbase.sty
Package: scrbase 2020/09/21 v3.32 KOMA-Script package (KOMA-Script-independent 
basics and keyval usage)

(/usr/local/texlive/2020/texmf-dist/tex/latex/koma-script/scrlfile.sty
Package: scrlfile 2020/09/21 v3.32 KOMA-Script package (file load hooks)

(/usr/local/texlive/2020/texmf-dist/tex/latex/koma-script/scrlfile-hook.sty
Package: scrlfile-hook 2020/09/21 v3.32 KOMA-Script package (using LaTeX hooks)


LaTeX3 Info: Defining command \BeforeFile with sig. 'm' on line 61.


LaTeX3 Info: Defining command \AfterFile with sig. 'm' on line 65.


LaTeX3 Info: Defining command \BeforeClass with sig. 'm' on line 69.


LaTeX3 Info: Defining command \BeforePackage with sig. 'm' on line 73.


LaTeX3 Info: Defining command \AfterAtEndOfClass with sig. 'smo+m' on line 83.


LaTeX3 Info: Defining command \AfterAtEndOfPackage with sig. 'smo+m' on line
(LaTeX3)     93.


LaTeX3 Info: Defining command \scrlfile@AfterClass with sig. 'smo+m' on line
(LaTeX3)     173.


LaTeX3 Info: Defining command \AfterClass with sig. '' on line 174.


LaTeX3 Info: Defining command \scrlfile@AfterPackage with sig. 'smo+m' on line
(LaTeX3)     191.


LaTeX3 Info: Defining command \AfterPackage with sig. '' on line 192.


LaTeX3 Info: Defining command \ReplaceInput with sig. '' on line 193.


LaTeX3 Info: Defining command \ReplaceClass with sig. 'mm' on line 196.


LaTeX3 Info: Defining command \ReplacePackage with sig. 'mm' on line 199.


LaTeX3 Info: Defining command \UnReplaceInput with sig. '' on line 200.


LaTeX3 Info: Defining command \UnReplaceClass with sig. 'm' on line 203.


LaTeX3 Info: Defining command \UnReplacePackage with sig. 'mm' on line 206.


LaTeX3 Info: Defining command \PreventPackageFromLoading with sig. 's+om' on
(LaTeX3)     line 234.


LaTeX3 Info: Defining command \StorePreventPackageFromLoading with sig. 'm' on
(LaTeX3)     line 242.


LaTeX3 Info: Defining command \ResetPreventPackageFromLoading with sig. '' on
(LaTeX3)     line 247.


LaTeX3 Info: Defining command \UnPreventPackageFromLoading with sig. 'sm' on
(LaTeX3)     line 261.


LaTeX3 Info: Defining command \BeforeClosingMainAux with sig. 'om' on line
(LaTeX3)     274.


LaTeX3 Info: Defining command \AfterReadingMainAux with sig. 'om' on line 287.


LaTeX3 Info: Defining command \protected@immediate@write with sig. 'm+m+m' on
(LaTeX3)     line 298.


(/usr/local/texlive/2020/texmf-dist/tex/latex/koma-script/scrlogo.sty
Package: scrlogo 2020/09/21 v3.32 KOMA-Script package (logo)
))))
\scr@dte@tocline@numberwidth=\skip69
\scr@dte@tocline@numbox=\box52
)
Package tocbasic Info: setting babel extension for `nlo' on input line 179.
Package tocbasic Info: setting babel extension for `nls' on input line 180.
\nomlabelwidth=\dimen173
\nom@tempdim=\dimen174
\nomitemsep=\skip70
)
\@nomenclaturefile=\write3
\openout3 = `Thesis.nlo'.

Package nomencl Info: Writing nomenclature file Thesis.nlo on input line 304.

(./glossary.sty
Package: glossary 2006/07/20 2.4 (NLCT)
\gls@cols=\count277

No configuration file glossary.cfg found
(/usr/local/texlive/2020/texmf-dist/tex/latex/tools/longtable.sty
Package: longtable 2020/01/07 v4.13 Multi-page Table package (DPC)
\LTleft=\skip71
\LTright=\skip72
\LTpre=\skip73
\LTpost=\skip74
\LTchunksize=\count278
\LTcapwidth=\dimen175
\LT@head=\box53
\LT@firsthead=\box54
\LT@foot=\box55
\LT@lastfoot=\box56
\LT@cols=\count279
\LT@rows=\count280
\c@LT@tables=\count281
\c@LT@chunks=\count282
\LT@p@ftn=\toks33
)
\descriptionwidth=\skip75
\istfile=\write4
)
\@glossaryfile=\write5
\openout5 = `Thesis.glo'.


Writing glossary file Thesis.glo 
(/usr/local/texlive/2020/texmf-dist/tex/latex/graphics/rotating.sty
Package: rotating 2016/08/11 v2.16d rotated objects in LaTeX
\c@r@tfl@t=\count283
\rotFPtop=\skip76
\rotFPbot=\skip77
\rot@float@box=\box57
\rot@mess@toks=\toks34
)
(/usr/local/texlive/2020/texmf-dist/tex/latex/hyperref/hyperref.sty
Package: hyperref 2020-05-15 v7.00e Hypertext links for LaTeX

(/usr/local/texlive/2020/texmf-dist/tex/generic/ltxcmds/ltxcmds.sty
Package: ltxcmds 2020-05-10 v1.25 LaTeX kernel commands for general use (HO)
)
(/usr/local/texlive/2020/texmf-dist/tex/generic/pdftexcmds/pdftexcmds.sty
Package: pdftexcmds 2020-06-27 v0.33 Utility functions of pdfTeX for LuaTeX (HO
)

(/usr/local/texlive/2020/texmf-dist/tex/generic/infwarerr/infwarerr.sty
Package: infwarerr 2019/12/03 v1.5 Providing info/warning/error messages (HO)
)
Package pdftexcmds Info: \pdf@primitive is available.
Package pdftexcmds Info: \pdf@ifprimitive is available.
Package pdftexcmds Info: \pdfdraftmode found.
)
(/usr/local/texlive/2020/texmf-dist/tex/generic/kvsetkeys/kvsetkeys.sty
Package: kvsetkeys 2019/12/15 v1.18 Key value parser (HO)
)
(/usr/local/texlive/2020/texmf-dist/tex/generic/kvdefinekeys/kvdefinekeys.sty
Package: kvdefinekeys 2019-12-19 v1.6 Define keys (HO)
)
(/usr/local/texlive/2020/texmf-dist/tex/generic/pdfescape/pdfescape.sty
Package: pdfescape 2019/12/09 v1.15 Implements pdfTeX's escape features (HO)
)
(/usr/local/texlive/2020/texmf-dist/tex/latex/hycolor/hycolor.sty
Package: hycolor 2020-01-27 v1.10 Color options for hyperref/bookmark (HO)
)
(/usr/local/texlive/2020/texmf-dist/tex/latex/letltxmacro/letltxmacro.sty
Package: letltxmacro 2019/12/03 v1.6 Let assignment for LaTeX macros (HO)
)
(/usr/local/texlive/2020/texmf-dist/tex/latex/auxhook/auxhook.sty
Package: auxhook 2019-12-17 v1.6 Hooks for auxiliary files (HO)
)
(/usr/local/texlive/2020/texmf-dist/tex/latex/kvoptions/kvoptions.sty
Package: kvoptions 2020-10-07 v3.14 Key value format for package options (HO)
)
\@linkdim=\dimen176
\Hy@linkcounter=\count284
\Hy@pagecounter=\count285

(/usr/local/texlive/2020/texmf-dist/tex/latex/hyperref/pd1enc.def
File: pd1enc.def 2020-05-15 v7.00e Hyperref: PDFDocEncoding definition (HO)
Now handling font encoding PD1 ...
... no UTF-8 mapping file for font encoding PD1
)
(/usr/local/texlive/2020/texmf-dist/tex/generic/intcalc/intcalc.sty
Package: intcalc 2019/12/15 v1.3 Expandable calculations with integers (HO)
)
(/usr/local/texlive/2020/texmf-dist/tex/generic/etexcmds/etexcmds.sty
Package: etexcmds 2019/12/15 v1.7 Avoid name clashes with e-TeX commands (HO)
)
\Hy@SavedSpaceFactor=\count286
Package hyperref Info: Hyper figures OFF on input line 4464.
Package hyperref Info: Link nesting OFF on input line 4469.
Package hyperref Info: Hyper index ON on input line 4472.
Package hyperref Info: Plain pages OFF on input line 4479.
Package hyperref Info: Backreferencing OFF on input line 4484.
Package hyperref Info: Implicit mode ON; LaTeX internals redefined.
Package hyperref Info: Bookmarks ON on input line 4717.
\c@Hy@tempcnt=\count287

(/usr/local/texlive/2020/texmf-dist/tex/latex/url/url.sty
\Urlmuskip=\muskip17
Package: url 2013/09/16  ver 3.4  Verb mode for urls, etc.
)
LaTeX Info: Redefining \url on input line 5076.
\XeTeXLinkMargin=\dimen177

(/usr/local/texlive/2020/texmf-dist/tex/generic/bitset/bitset.sty
Package: bitset 2019/12/09 v1.3 Handle bit-vector datatype (HO)

(/usr/local/texlive/2020/texmf-dist/tex/generic/bigintcalc/bigintcalc.sty
Package: bigintcalc 2019/12/15 v1.5 Expandable calculations on big integers (HO
)
))
\Fld@menulength=\count288
\Field@Width=\dimen178
\Fld@charsize=\dimen179
Package hyperref Info: Hyper figures OFF on input line 6347.
Package hyperref Info: Link nesting OFF on input line 6352.
Package hyperref Info: Hyper index ON on input line 6355.
Package hyperref Info: backreferencing OFF on input line 6362.
Package hyperref Info: Link coloring OFF on input line 6367.
Package hyperref Info: Link coloring with OCG OFF on input line 6372.
Package hyperref Info: PDF/A mode OFF on input line 6377.
LaTeX Info: Redefining \ref on input line 6417.
LaTeX Info: Redefining \pageref on input line 6421.

(/usr/local/texlive/2020/texmf-dist/tex/latex/base/atbegshi-ltx.sty
Package: atbegshi-ltx 2020/08/17 v1.0a Emulation of the original atbegshi packa
ge
with kernel methods
)
\Hy@abspage=\count289
\c@Item=\count290
\c@Hfootnote=\count291
)
Package hyperref Info: Driver: hpdftex.

(/usr/local/texlive/2020/texmf-dist/tex/latex/hyperref/hpdftex.def
File: hpdftex.def 2020-05-15 v7.00e Hyperref driver for pdfTeX

(/usr/local/texlive/2020/texmf-dist/tex/latex/base/atveryend-ltx.sty
Package: atveryend-ltx 2020/08/19 v1.0a Emulation of the original atvery packag
e
with kernel methods
)
\Fld@listcount=\count292
\c@bookmark@seq@number=\count293

(/usr/local/texlive/2020/texmf-dist/tex/latex/rerunfilecheck/rerunfilecheck.sty
Package: rerunfilecheck 2019/12/05 v1.9 Rerun checks for auxiliary files (HO)

(/usr/local/texlive/2020/texmf-dist/tex/generic/uniquecounter/uniquecounter.sty
Package: uniquecounter 2019/12/15 v1.4 Provide unlimited unique counter (HO)
)
Package uniquecounter Info: New unique counter `rerunfilecheck' on input line 2
86.
)
\Hy@SectionHShift=\skip78
)
Package hyperref Info: Option `colorlinks' set `true' on input line 395.


Package hyperref Warning: Option `pagecolor' is not available anymore.


Package hyperref Warning: Option `bookmarks' has already been used,
(hyperref)                setting the option has no effect on input line 395.

Package hyperref Info: Option `bookmarksopen' set `false' on input line 395.
Package hyperref Info: Option `bookmarksnumbered' set `true' on input line 395.

Package hyperref Info: Option `pdfdisplaydoctitle' set `true' on input line 395
.
(/usr/local/texlive/2020/texmf-dist/tex/latex/oberdiek/hypcap.sty
Package: hypcap 2016/05/16 v1.12 Adjusting the anchors of captions (HO)
)
(/usr/local/texlive/2020/texmf-dist/tex/latex/natbib/natbib.sty
Package: natbib 2010/09/13 8.31b (PWD, AO)
\bibhang=\skip79
\bibsep=\skip80
LaTeX Info: Redefining \cite on input line 694.
\c@NAT@ctr=\count294
)
(/usr/local/texlive/2020/texmf-dist/tex/latex/notoccite/notoccite.sty
Package: notoccite 2000/07/20
)
(/usr/local/texlive/2020/texmf-dist/tex/latex/multirow/multirow.sty
Package: multirow 2019/05/31 v2.5 Span multiple rows of a table
\multirow@colwidth=\skip81
\multirow@cntb=\count295
\multirow@dima=\skip82
\bigstrutjot=\dimen180
)
(/usr/local/texlive/2020/texmf-dist/tex/latex/booktabs/booktabs.sty
Package: booktabs 2020/01/12 v1.61803398 Publication quality tables
\heavyrulewidth=\dimen181
\lightrulewidth=\dimen182
\cmidrulewidth=\dimen183
\belowrulesep=\dimen184
\belowbottomsep=\dimen185
\aboverulesep=\dimen186
\abovetopsep=\dimen187
\cmidrulesep=\dimen188
\cmidrulekern=\dimen189
\defaultaddspace=\dimen190
\@cmidla=\count296
\@cmidlb=\count297
\@aboverulesep=\dimen191
\@belowrulesep=\dimen192
\@thisruleclass=\count298
\@lastruleclass=\count299
\@thisrulewidth=\dimen193
)
(/usr/local/texlive/2020/texmf-dist/tex/latex/pdfpages/pdfpages.sty
Package: pdfpages 2020/01/28 v0.5q Insert pages of external PDF documents (AM)

(/usr/local/texlive/2020/texmf-dist/tex/latex/eso-pic/eso-pic.sty
Package: eso-pic 2020/10/14 v3.0a eso-pic (RN)
\ESO@tempdima=\dimen194
\ESO@tempdimb=\dimen195

(/usr/local/texlive/2020/texmf-dist/tex/latex/xcolor/xcolor.sty
Package: xcolor 2016/05/11 v2.12 LaTeX color extensions (UK)

(/usr/local/texlive/2020/texmf-dist/tex/latex/graphics-cfg/color.cfg
File: color.cfg 2016/01/02 v1.6 sample color configuration
)
Package xcolor Info: Driver file: pdftex.def on input line 225.
Package xcolor Info: Model `cmy' substituted by `cmy0' on input line 1348.
Package xcolor Info: Model `hsb' substituted by `rgb' on input line 1352.
Package xcolor Info: Model `RGB' extended on input line 1364.
Package xcolor Info: Model `HTML' substituted by `rgb' on input line 1366.
Package xcolor Info: Model `Hsb' substituted by `hsb' on input line 1367.
Package xcolor Info: Model `tHsb' substituted by `hsb' on input line 1368.
Package xcolor Info: Model `HSB' substituted by `hsb' on input line 1369.
Package xcolor Info: Model `Gray' substituted by `gray' on input line 1370.
Package xcolor Info: Model `wave' substituted by `hsb' on input line 1371.
))
\AM@pagewidth=\dimen196
\AM@pageheight=\dimen197

(/usr/local/texlive/2020/texmf-dist/tex/latex/pdfpages/pppdftex.def
File: pppdftex.def 2020/01/28 v0.5q Pdfpages driver for pdfTeX (AM)
)
\AM@pagebox=\box58
\AM@global@opts=\toks35
\AM@pagecnt=\count300
\AM@toc@title=\toks36
\c@AM@survey=\count301
\AM@templatesizebox=\box59
)
(/usr/local/texlive/2020/texmf-dist/tex/latex/floatrow/floatrow.sty
Package: floatrow 2008/08/02 v0.3b floatrow: float package extension

(/usr/local/texlive/2020/texmf-dist/tex/latex/caption/caption3.sty
Package: caption3 2020/10/21 v2.2e caption3 kernel (AR)
\captionmargin=\dimen198
\captionmargin@=\dimen199
\captionwidth=\dimen256
\caption@tempdima=\dimen257
\caption@indent=\dimen258
\caption@parindent=\dimen259
\caption@hangindent=\dimen260
Package caption Info: Standard document class detected.
)
\c@float@type=\count302
\float@exts=\toks37
\float@box=\box60
\@floatcapt=\box61
Package floatrow Info: Modified float package code loaded on input line 455.
Package floatrow Info: Modified rotfloat package code loaded on input line 473.

\FR@everyfloat=\toks38
\flrow@foot=\insert252
\FB@wd=\dimen261
\FBo@wd=\dimen262
\FBc@wd=\dimen263
\FBo@ht=\skip83
\FBc@ht=\skip84
\FBf@ht=\skip85
\FBo@max=\skip86
\FBc@max=\skip87
\FBf@max=\skip88
\c@FBl@b=\count303
\floatbox@depth=\count304
\c@FRobj=\count305
\c@FRsobj=\count306
\Xhsize=\skip89
\sXhsize=\skip90
\Zhsize=\skip91
\sZhsize=\skip92
\flrow@rowbox=\box62
\FR@Zunitlength=\dimen264
\c@FBcnt=\count307
\FPOScnt=\count308
\LTleft=\skip93
\LTright=\skip94
\LTleft=\skip95
\LTright=\skip96
\flrow@types=\toks39
)
(/usr/local/texlive/2020/texmf-dist/tex/latex/tools/multicol.sty
Package: multicol 2019/12/09 v1.8y multicolumn formatting (FMi)
\c@tracingmulticols=\count309
\mult@box=\box63
\multicol@leftmargin=\dimen265
\c@unbalance=\count310
\c@collectmore=\count311
\doublecol@number=\count312
\multicoltolerance=\count313
\multicolpretolerance=\count314
\full@width=\dimen266
\page@free=\dimen267
\premulticols=\dimen268
\postmulticols=\dimen269
\multicolsep=\skip97
\multicolbaselineskip=\skip98
\partial@page=\box64
\last@line=\box65
\maxbalancingoverflow=\dimen270
\mult@rightbox=\box66
\mult@grightbox=\box67
\mult@gfirstbox=\box68
\mult@firstbox=\box69
\@tempa=\box70
\@tempa=\box71
\@tempa=\box72
\@tempa=\box73
\@tempa=\box74
\@tempa=\box75
\@tempa=\box76
\@tempa=\box77
\@tempa=\box78
\@tempa=\box79
\@tempa=\box80
\@tempa=\box81
\@tempa=\box82
\@tempa=\box83
\@tempa=\box84
\@tempa=\box85
\@tempa=\box86
\@tempa=\box87
\@tempa=\box88
\@tempa=\box89
\@tempa=\box90
\@tempa=\box91
\@tempa=\box92
\@tempa=\box93
\@tempa=\box94
\@tempa=\box95
\@tempa=\box96
\@tempa=\box97
\@tempa=\box98
\@tempa=\box99
\@tempa=\box100
\@tempa=\box101
\@tempa=\box102
\@tempa=\box103
\@tempa=\box104
\@tempa=\box105
\@tempa=\box106
\c@minrows=\count315
\c@columnbadness=\count316
\c@finalcolumnbadness=\count317
\last@try=\dimen271
\multicolovershoot=\dimen272
\multicolundershoot=\dimen273
\mult@nat@firstbox=\box107
\colbreak@box=\box108
\mc@col@check@num=\count318
))
LaTeX Font Info:    Trying to load font information for OT1+phv on input line 7
5.

(/usr/local/texlive/2020/texmf-dist/tex/latex/psnfss/ot1phv.fd
File: ot1phv.fd 2020/03/25 scalable font definitions for OT1/phv.
)
(/usr/local/texlive/2020/texmf-dist/tex/latex/l3backend/l3backend-pdftex.def
File: l3backend-pdftex.def 2020-09-24 L3 backend support: PDF output (pdfTeX)
\l__kernel_color_stack_int=\count319
\l__pdf_internal_box=\box109
)
(./Thesis.aux

LaTeX Warning: Label `surf' multiply defined.

)
\openout1 = `Thesis.aux'.

LaTeX Font Info:    Checking defaults for OML/cmm/m/it on input line 75.
LaTeX Font Info:    ... okay on input line 75.
LaTeX Font Info:    Checking defaults for OMS/cmsy/m/n on input line 75.
LaTeX Font Info:    ... okay on input line 75.
LaTeX Font Info:    Checking defaults for OT1/cmr/m/n on input line 75.
LaTeX Font Info:    ... okay on input line 75.
LaTeX Font Info:    Checking defaults for T1/cmr/m/n on input line 75.
LaTeX Font Info:    ... okay on input line 75.
LaTeX Font Info:    Checking defaults for TS1/cmr/m/n on input line 75.
LaTeX Font Info:    ... okay on input line 75.
LaTeX Font Info:    Checking defaults for OMX/cmex/m/n on input line 75.
LaTeX Font Info:    ... okay on input line 75.
LaTeX Font Info:    Checking defaults for U/cmr/m/n on input line 75.
LaTeX Font Info:    ... okay on input line 75.
LaTeX Font Info:    Checking defaults for PD1/pdf/m/n on input line 75.
LaTeX Font Info:    ... okay on input line 75.

*geometry* driver: auto-detecting
*geometry* detected driver: pdftex

Package geometry Warning: The marginal notes overrun the paper.
     Add 50.86812pt and more to the right margin.

*geometry* verbose mode - [ preamble ] result:
* driver: pdftex
* paper: a4paper
* layout: <same size as paper>
* layoutoffset:(h,v)=(0.0pt,0.0pt)
* modes: twoside 
* h-part:(L,W,R)=(71.13188pt, 455.24411pt, 71.13188pt)
* v-part:(T,H,B)=(71.13188pt, 702.78308pt, 71.13188pt)
* \paperwidth=597.50787pt
* \paperheight=845.04684pt
* \textwidth=455.24411pt
* \textheight=702.78308pt
* \oddsidemargin=-1.1381pt
* \evensidemargin=-1.1381pt
* \topmargin=-38.1381pt
* \headheight=12.0pt
* \headsep=25.0pt
* \topskip=10.0pt
* \footskip=30.0pt
* \marginparwidth=111.0pt
* \marginparsep=11.0pt
* \columnsep=10.0pt
* \skip\footins=9.0pt plus 4.0pt minus 2.0pt
* \hoffset=0.0pt
* \voffset=0.0pt
* \mag=1000
* \@twocolumnfalse
* \@twosidetrue
* \@mparswitchtrue
* \@reversemarginfalse
* (1in=72.27pt=25.4mm, 1cm=28.453pt)

(/usr/local/texlive/2020/texmf-dist/tex/context/base/mkii/supp-pdf.mkii
[Loading MPS to PDF converter (version 2006.09.02).]
\scratchcounter=\count320
\scratchdimen=\dimen274
\scratchbox=\box110
\nofMPsegments=\count321
\nofMParguments=\count322
\everyMPshowfont=\toks40
\MPscratchCnt=\count323
\MPscratchDim=\dimen275
\MPnumerator=\count324
\makeMPintoPDFobject=\count325
\everyMPtoPDFconversion=\toks41
) (/usr/local/texlive/2020/texmf-dist/tex/latex/epstopdf-pkg/epstopdf-base.sty
Package: epstopdf-base 2020-01-24 v2.11 Base part for package epstopdf
Package epstopdf-base Info: Redefining graphics rule for `.eps' on input line 4
85.

(/usr/local/texlive/2020/texmf-dist/tex/latex/latexconfig/epstopdf-sys.cfg
File: epstopdf-sys.cfg 2010/07/13 v1.3 Configuration of (r)epstopdf for TeX Liv
e
))
Package hyperref Info: Link coloring ON on input line 75.

(/usr/local/texlive/2020/texmf-dist/tex/latex/hyperref/nameref.sty
Package: nameref 2019/09/16 v2.46 Cross-referencing by name of section

(/usr/local/texlive/2020/texmf-dist/tex/latex/refcount/refcount.sty
Package: refcount 2019/12/15 v3.6 Data extraction from label references (HO)
)
(/usr/local/texlive/2020/texmf-dist/tex/generic/gettitlestring/gettitlestring.s
ty
Package: gettitlestring 2019/12/15 v1.6 Cleanup title references (HO)
)
\c@section@level=\count326
)
LaTeX Info: Redefining \ref on input line 75.
LaTeX Info: Redefining \pageref on input line 75.
LaTeX Info: Redefining \nameref on input line 75.
 (./Thesis.out) (./Thesis.out)
\@outlinefile=\write6
\openout6 = `Thesis.out'.


(/usr/local/texlive/2020/texmf-dist/tex/latex/pdflscape/pdflscape.sty
Package: pdflscape 2019/12/05 v0.12 Display of landscape pages in PDF (HO)

(/usr/local/texlive/2020/texmf-dist/tex/latex/graphics/lscape.sty
Package: lscape 2020/05/28 v3.02 Landscape Pages (DPC)
)
Package pdflscape Info: Auto-detected driver: pdftex on input line 81.
)
Package caption Info: Begin \AtBeginDocument code.
Package caption Info: End \AtBeginDocument code.

(/usr/local/texlive/2020/texmf-dist/tex/latex/floatrow/fr-longtable.sty
Package: fr-longtable 2007/11/28 v0.1b (beta) floatrow: additions for longtable

\flrow@LT@lasthead=\box111
\flrow@LT@prelastfoot=\box112
\c@FBLTpage=\count327
)
(./Thesis_FrontCover.tex
Package pdftex.def Info: Option `bb' equivalent to `viewport' with the pdftex d
river on input line 15.
<IST_A_CMYK_POS.pdf, id=301, 845.0471pt x 597.51233pt>
File: IST_A_CMYK_POS.pdf Graphic file (type pdf)
<use IST_A_CMYK_POS.pdf>
Package pdftex.def Info: IST_A_CMYK_POS.pdf  used on input line 15.
(pdftex.def)             Requested size: -78.38533pt x -90.76195pt.
LaTeX Font Info:    Trying to load font information for T1+phv on input line 26
.

(/usr/local/texlive/2020/texmf-dist/tex/latex/psnfss/t1phv.fd
File: t1phv.fd 2020/03/25 scalable font definitions for T1/phv.
)
LaTeX Font Info:    Trying to load font information for U+msa on input line 37.


(/usr/local/texlive/2020/texmf-dist/tex/latex/amsfonts/umsa.fd
File: umsa.fd 2013/01/14 v3.01 AMS symbols A
)
LaTeX Font Info:    Trying to load font information for U+msb on input line 37.


(/usr/local/texlive/2020/texmf-dist/tex/latex/amsfonts/umsb.fd
File: umsb.fd 2013/01/14 v3.01 AMS symbols B
)) [1

\openout4 = `Thesis.ist'.

{/usr/local/texlive/2020/texmf-var/fonts/map/pdftex/updmap/pdftex.map} <./IST_A
_CMYK_POS.pdf>] [2

] (./Thesis_Dedication.tex [3]) [4

] (./Thesis_Acknowledgements.tex)
[5] [6

] (./Thesis_Resumo.tex) [7] [8

] (./Thesis_Abstract.tex) [9] [10

]
(./Thesis.toc [11

])
\tf@toc=\write7
\openout7 = `Thesis.toc'.

 [12] (./Thesis.lot)
\tf@lot=\write8
\openout8 = `Thesis.lot'.

 [13


] [14

] (./Thesis.lof)
\tf@lof=\write9
\openout9 = `Thesis.lof'.

 [15

] [16

]
(./Thesis_Nomenclature.tex)
No file Thesis.nls.
(./Thesis_Glossary.tex)
No file Thesis.gls.
(./Thesis_Introduction.tex
\c@definition=\count328

Chapter 1.
LaTeX Font Info:    Font shape `OT1/phv/m/it' in size <10> not available
(Font)              Font shape `OT1/phv/m/sl' tried instead on input line 33.

Underfull \vbox (badness 2990) has occurred while \output is active []

 [1



]
LaTeX Font Info:    Trying to load font information for TS1+phv on input line 6
1.

(/usr/local/texlive/2020/texmf-dist/tex/latex/psnfss/ts1phv.fd
File: ts1phv.fd 2020/03/25 scalable font definitions for TS1/phv.
) [2]
<figures/Google_WorkFlow.png, id=567, 678.535pt x 183.68625pt>
File: figures/Google_WorkFlow.png Graphic file (type png)
<use figures/Google_WorkFlow.png>
Package pdftex.def Info: figures/Google_WorkFlow.png  used on input line 116.
(pdftex.def)             Requested size: 339.26666pt x 91.84288pt.
 [3]
[4 <./figures/Google_WorkFlow.png>]
<figures/spectree.png, id=599, 431.6125pt x 278.03876pt>
File: figures/spectree.png Graphic file (type png)
<use figures/spectree.png>
Package pdftex.def Info: figures/spectree.png  used on input line 149.
(pdftex.def)             Requested size: 215.80571pt x 139.01903pt.

Underfull \vbox (badness 1168) has occurred while \output is active []

 [5 <./figures/spectree.png>] [6]
<figures/APFD.png, id=628, 1002.74625pt x 259.97125pt>
File: figures/APFD.png Graphic file (type png)
<use figures/APFD.png>
Package pdftex.def Info: figures/APFD.png  used on input line 251.
(pdftex.def)             Requested size: 501.3719pt x 129.9853pt.
 [7 <./figures/APFD.png>]
Underfull \hbox (badness 10000) in paragraph at lines 263--265

 []

[8]
Underfull \hbox (badness 10000) in paragraph at lines 332--337

 []

) [9] [10

] (./Thesis_Paper1.tex
Chapter 2.

Underfull \hbox (badness 10000) in paragraph at lines 18--21

 []


Underfull \hbox (badness 10000) in paragraph at lines 26--29

 []


Underfull \hbox (badness 10000) in paragraph at lines 30--32

 []

[11

]
Underfull \hbox (badness 10000) in paragraph at lines 37--39

 []


Underfull \hbox (badness 10000) in paragraph at lines 44--46

 []


Underfull \hbox (badness 10000) in paragraph at lines 47--49

 []


Underfull \hbox (badness 10000) in paragraph at lines 50--52

 []

[12]
<figures/rlcycle.png, id=691, 658.46pt x 245.91875pt>
File: figures/rlcycle.png Graphic file (type png)
<use figures/rlcycle.png>
Package pdftex.def Info: figures/rlcycle.png  used on input line 68.
(pdftex.def)             Requested size: 227.62204pt x 85.01091pt.
 [13 <./figures/rlcycle.png>]
Underfull \hbox (badness 10000) in paragraph at lines 116--118

 []

<figures/dtRL.png, id=707, 505.89pt x 437.635pt>
File: figures/dtRL.png Graphic file (type png)
<use figures/dtRL.png>
Package pdftex.def Info: figures/dtRL.png  used on input line 124.
(pdftex.def)             Requested size: 409.71692pt x 354.44234pt.

LaTeX Warning: `h' float specifier changed to `ht'.


Underfull \hbox (badness 10000) in paragraph at lines 133--135

 []


Underfull \hbox (badness 10000) in paragraph at lines 136--138

 []

[14] [15 <./figures/dtRL.png>]
Package epstopdf Info: Source file: <figures/rq0_hidden_size_bnp.eps>
(epstopdf)                    date: 2020-11-19 16:26:08
(epstopdf)                    size: 20411 bytes
(epstopdf)             Output file: <figures/rq0_hidden_size_bnp-eps-converted-
to.pdf>
(epstopdf)                    date: 2020-11-19 16:26:57
(epstopdf)                    size: 12738 bytes
(epstopdf)             Command: <repstopdf --outfile=figures/rq0_hidden_size_bn
p-eps-converted-to.pdf figures/rq0_hidden_size_bnp.eps>
(epstopdf)             \includegraphics on input line 181.
Package epstopdf Info: Output file is already uptodate.
<figures/rq0_hidden_size_bnp-eps-converted-to.pdf, id=732, 462.72874pt x 346.29
375pt>
File: figures/rq0_hidden_size_bnp-eps-converted-to.pdf Graphic file (type pdf)
<use figures/rq0_hidden_size_bnp-eps-converted-to.pdf>
Package pdftex.def Info: figures/rq0_hidden_size_bnp-eps-converted-to.pdf  used
 on input line 181.
(pdftex.def)             Requested size: 455.24411pt x 340.69711pt.

Underfull \vbox (badness 10000) has occurred while \output is active []

 [16]
Underfull \hbox (badness 10000) in paragraph at lines 186--188

 []


Underfull \hbox (badness 10000) in paragraph at lines 189--191

 []

<figures/rq0_depth_min_sample.pdf, id=739, 417.04608pt x 342.62216pt>
File: figures/rq0_depth_min_sample.pdf Graphic file (type pdf)
<use figures/rq0_depth_min_sample.pdf>
Package pdftex.def Info: figures/rq0_depth_min_sample.pdf  used on input line 1
94.
(pdftex.def)             Requested size: 455.24411pt x 374.01538pt.

Underfull \hbox (badness 10000) in paragraph at lines 200--202

 []

[17 <./figures/rq0_hidden_size_bnp-eps-converted-to.pdf>] [18 <./figures/rq0_de
pth_min_sample.pdf>]
Package epstopdf Info: Source file: <figures/rq0_history_length.eps>
(epstopdf)                    date: 2020-11-19 16:26:08
(epstopdf)                    size: 26639 bytes
(epstopdf)             Output file: <figures/rq0_history_length-eps-converted-t
o.pdf>
(epstopdf)                    date: 2020-11-19 16:26:58
(epstopdf)                    size: 14741 bytes
(epstopdf)             Command: <repstopdf --outfile=figures/rq0_history_length
-eps-converted-to.pdf figures/rq0_history_length.eps>
(epstopdf)             \includegraphics on input line 207.
Package epstopdf Info: Output file is already uptodate.
<figures/rq0_history_length-eps-converted-to.pdf, id=827, 239.89626pt x 147.551
25pt>
File: figures/rq0_history_length-eps-converted-to.pdf Graphic file (type pdf)
<use figures/rq0_history_length-eps-converted-to.pdf>
Package pdftex.def Info: figures/rq0_history_length-eps-converted-to.pdf  used 
on input line 207.
(pdftex.def)             Requested size: 455.24411pt x 280.02605pt.

Underfull \hbox (badness 10000) in paragraph at lines 215--218

 []


Underfull \hbox (badness 10000) in paragraph at lines 219--221

 []


Underfull \hbox (badness 10000) in paragraph at lines 222--224

 []


Underfull \hbox (badness 10000) in paragraph at lines 229--231

 []

[19 <./figures/rq0_history_length-eps-converted-to.pdf>]
Underfull \hbox (badness 10000) in paragraph at lines 233--235

 []


Underfull \hbox (badness 10000) in paragraph at lines 237--239

 []


Underfull \hbox (badness 10000) in paragraph at lines 241--243

 []

Package epstopdf Info: Source file: <figures/rq1_napfd.eps>
(epstopdf)                    date: 2020-11-19 16:26:08
(epstopdf)                    size: 115569 bytes
(epstopdf)             Output file: <figures/rq1_napfd-eps-converted-to.pdf>
(epstopdf)                    date: 2020-11-19 16:26:58
(epstopdf)                    size: 37563 bytes
(epstopdf)             Command: <repstopdf --outfile=figures/rq1_napfd-eps-conv
erted-to.pdf figures/rq1_napfd.eps>
(epstopdf)             \includegraphics on input line 250.
Package epstopdf Info: Output file is already uptodate.
<figures/rq1_napfd-eps-converted-to.pdf, id=874, 605.26125pt x 522.95375pt>
File: figures/rq1_napfd-eps-converted-to.pdf Graphic file (type pdf)
<use figures/rq1_napfd-eps-converted-to.pdf>
Package pdftex.def Info: figures/rq1_napfd-eps-converted-to.pdf  used on input 
line 250.
(pdftex.def)             Requested size: 455.24411pt x 393.33948pt.
Package epstopdf Info: Source file: <figures/rq2_napfd_bar_abs_grouped.eps>
(epstopdf)                    date: 2020-11-19 16:26:08
(epstopdf)                    size: 62984 bytes
(epstopdf)             Output file: <figures/rq2_napfd_bar_abs_grouped-eps-conv
erted-to.pdf>
(epstopdf)                    date: 2020-11-19 16:26:59
(epstopdf)                    size: 21002 bytes
(epstopdf)             Command: <repstopdf --outfile=figures/rq2_napfd_bar_abs_
grouped-eps-converted-to.pdf figures/rq2_napfd_bar_abs_grouped.eps>
(epstopdf)             \includegraphics on input line 260.
Package epstopdf Info: Output file is already uptodate.
<figures/rq2_napfd_bar_abs_grouped-eps-converted-to.pdf, id=875, 504.88625pt x 
155.58125pt>
File: figures/rq2_napfd_bar_abs_grouped-eps-converted-to.pdf Graphic file (type
 pdf)
<use figures/rq2_napfd_bar_abs_grouped-eps-converted-to.pdf>
Package pdftex.def Info: figures/rq2_napfd_bar_abs_grouped-eps-converted-to.pdf
  used on input line 260.
(pdftex.def)             Requested size: 455.24411pt x 140.28532pt.

Underfull \hbox (badness 10000) in paragraph at lines 266--269

 []


Underfull \hbox (badness 10000) in paragraph at lines 270--272

 []


Underfull \hbox (badness 10000) in paragraph at lines 273--275

 []


Underfull \hbox (badness 10000) in paragraph at lines 276--278

 []

[20] [21 <./figures/rq1_napfd-eps-converted-to.pdf>]
Underfull \hbox (badness 10000) in paragraph at lines 283--287

 []


Underfull \hbox (badness 10000) in paragraph at lines 288--290

 []

) [22 <./figures/rq2_napfd_bar_abs_grouped-eps-converted-to.pdf>]
(./Thesis_Paper2.tex
Chapter 3.
[23


]
Underfull \hbox (badness 10000) in paragraph at lines 56--59

 []


Underfull \hbox (badness 10000) in paragraph at lines 61--63

 []


Underfull \hbox (badness 10000) in paragraph at lines 64--66

 []


Underfull \hbox (badness 10000) in paragraph at lines 68--70

 []


Underfull \hbox (badness 10000) in paragraph at lines 71--73

 []

[24]
<figures/model.png, id=1015, 505.89pt x 450.68375pt>
File: figures/model.png Graphic file (type png)
<use figures/model.png>
Package pdftex.def Info: figures/model.png  used on input line 87.
(pdftex.def)             Requested size: 227.62204pt x 202.78517pt.

Underfull \hbox (badness 10000) in paragraph at lines 92--97

 []


Underfull \hbox (badness 10000) in paragraph at lines 98--100

 []


Underfull \hbox (badness 10000) in paragraph at lines 102--106

 []


Underfull \hbox (badness 10000) in paragraph at lines 108--110

 []

[25 <./figures/model.png>]
<figures/3d_data_clean.png, id=1032, 1040.688pt x 624.4128pt>
File: figures/3d_data_clean.png Graphic file (type png)
<use figures/3d_data_clean.png>
Package pdftex.def Info: figures/3d_data_clean.png  used on input line 130.
(pdftex.def)             Requested size: 227.62204pt x 136.5709pt.
 [26 <./figures/3d_data_clean.png>]
<figures/baseline.png, id=1041, 1040.688pt x 624.4128pt>
File: figures/baseline.png Graphic file (type png)
<use figures/baseline.png>
Package pdftex.def Info: figures/baseline.png  used on input line 150.
(pdftex.def)             Requested size: 227.62204pt x 136.5709pt.
<figures/cv_scores_sgd_reg.png, id=1043, 462.528pt x 346.896pt>
File: figures/cv_scores_sgd_reg.png Graphic file (type png)
<use figures/cv_scores_sgd_reg.png>
Package pdftex.def Info: figures/cv_scores_sgd_reg.png  used on input line 164.

(pdftex.def)             Requested size: 227.62204pt x 170.71628pt.
 [27 <./figures/baseline.png> <./figures/cv_scores_sgd_reg.png>]
Overfull \hbox (247.97995pt too wide) in paragraph at lines 179--184
 [][] 
 []

<figures/best.png, id=1053, 462.528pt x 346.896pt>
File: figures/best.png Graphic file (type png)
<use figures/best.png>
Package pdftex.def Info: figures/best.png  used on input line 191.
(pdftex.def)             Requested size: 227.62204pt x 170.71628pt.
<figures/best_emb_UMAP_files.png, id=1055, 1040.688pt x 624.4128pt>
File: figures/best_emb_UMAP_files.png Graphic file (type png)
<use figures/best_emb_UMAP_files.png>
Package pdftex.def Info: figures/best_emb_UMAP_files.png  used on input line 20
3.
(pdftex.def)             Requested size: 455.24411pt x 273.15134pt.
<figures/best_emb_UMAP_test.png, id=1056, 1040.688pt x 624.4128pt>
File: figures/best_emb_UMAP_test.png Graphic file (type png)
<use figures/best_emb_UMAP_test.png>
Package pdftex.def Info: figures/best_emb_UMAP_test.png  used on input line 209
.
(pdftex.def)             Requested size: 455.24411pt x 273.15134pt.

Underfull \hbox (badness 10000) in paragraph at lines 215--217

 []


Underfull \hbox (badness 10000) in paragraph at lines 221--223

 []

[28 <./figures/best.png>]
Underfull \hbox (badness 10000) in paragraph at lines 224--225

 []

) [29 <./figures/best_emb_UMAP_files.png>] [30pdfTeX warning (ext4): destinatio
n with the same identifier (name{figure.3.6}) has been already used, duplicate 
ignored
<argument> ...shipout:D \box_use:N \l_shipout_box 
                                                  
l.187 \cleardoublepage
                       <./figures/best_emb_UMAP_test.png>]
(./Thesis_Conclusions.tex
Chapter 4.
[31


]
Underfull \hbox (badness 10000) in paragraph at lines 37--40

 []

) [32] (./Thesis.bbl [33


]
Underfull \hbox (badness 10000) in paragraph at lines 171--174
[]\OT1/phv/m/n/10 M. A. Nielsen.  Neu-ral net-works and deep learn-ing, 2018.  
URL [][]$\OT1/cmtt/m/n/10 http : / /
 []

[34]
Underfull \hbox (badness 7851) in paragraph at lines 271--277
[]\OT1/phv/m/n/10 L. McInnes, J. Healy, and J. Melville.  Umap: Uni-form man-i-
fold ap-prox-i-ma-tion
 []


Underfull \hbox (badness 7740) in paragraph at lines 271--277
\OT1/phv/m/n/10 and pro-jec-tion for di-men-sion re-duc-tion, 2018.  URL [][]$\
OT1/cmtt/m/n/10 https : / / arxiv . org / pdf / 1802 .
 []


Underfull \hbox (badness 10000) in paragraph at lines 271--277
\OT1/cmtt/m/n/10 03426 . pdf$[][]\OT1/phv/m/n/10 .  cite arxiv:1802.03426Commen
t: Ref-er-ence im-ple-men-ta-tion avail-able at
 []

) [35] [36

] (./Thesis_Appendix_A.tex
Appendix A.

Underfull \hbox (badness 10000) in paragraph at lines 13--16

 []

<figures/DecisionTreeDiagram.png, id=1136, 548.0475pt x 308.15125pt>
File: figures/DecisionTreeDiagram.png Graphic file (type png)
<use figures/DecisionTreeDiagram.png>
Package pdftex.def Info: figures/DecisionTreeDiagram.png  used on input line 25
.
(pdftex.def)             Requested size: 274.02307pt x 154.07524pt.
[37

 <./figures/DecisionTreeDiagram.png>]
Underfull \hbox (badness 10000) in paragraph at lines 49--50

 []


Underfull \hbox (badness 10000) in paragraph at lines 74--76

 []


Underfull \hbox (badness 10000) in paragraph at lines 77--79

 []


Underfull \hbox (badness 10000) in paragraph at lines 80--83

 []

[38]
<figures/perceptron.png, id=1155, 296.10625pt x 144.54pt>
File: figures/perceptron.png Graphic file (type png)
<use figures/perceptron.png>
Package pdftex.def Info: figures/perceptron.png  used on input line 92.
(pdftex.def)             Requested size: 148.05275pt x 72.2698pt.
<figures/activationfunc.png, id=1157, 1062.97125pt x 429.605pt>
File: figures/activationfunc.png Graphic file (type png)
<use figures/activationfunc.png>
Package pdftex.def Info: figures/activationfunc.png  used on input line 116.
(pdftex.def)             Requested size: 1062.96867pt x 429.60394pt.

Underfull \vbox (badness 3323) has occurred while \output is active []

 [39 <./figures/perceptron.png>]
<figures/nnarch.png, id=1167, 692.5875pt x 395.4775pt>
File: figures/nnarch.png Graphic file (type png)
<use figures/nnarch.png>
Package pdftex.def Info: figures/nnarch.png  used on input line 130.
(pdftex.def)             Requested size: 346.2929pt x 197.73827pt.

Underfull \hbox (badness 10000) in paragraph at lines 135--137

 []

[40 <./figures/activationfunc.png> <./figures/nnarch.png>]
Underfull \hbox (badness 10000) in paragraph at lines 148--150

 []

<figures/graddesc.png, id=1178, 543.02875pt x 321.2pt>
File: figures/graddesc.png Graphic file (type png)
<use figures/graddesc.png>
Package pdftex.def Info: figures/graddesc.png  used on input line 164.
(pdftex.def)             Requested size: 204.85846pt x 121.17506pt.
<figures/graddesc2.png, id=1179, 543.02875pt x 321.2pt>
File: figures/graddesc2.png Graphic file (type png)
<use figures/graddesc2.png>
Package pdftex.def Info: figures/graddesc2.png  used on input line 169.
(pdftex.def)             Requested size: 204.85846pt x 121.17506pt.
[41 <./figures/graddesc.png> <./figures/graddesc2.png>]
Underfull \hbox (badness 10000) in paragraph at lines 196--198

 []


Underfull \hbox (badness 10000) in paragraph at lines 204--206

 []


Underfull \hbox (badness 10000) in paragraph at lines 207--209

 []

[42]
Underfull \hbox (badness 10000) in paragraph at lines 255--257

 []


Overfull \hbox (6.775pt too wide) in paragraph at lines 261--262
[]\OT1/phv/b/n/10 Forward prop-a-ga-tion \OT1/phv/m/n/10 - Through equa-tion []
[]A.13[][], de-ter-mine the ac-ti-va-tions $\OML/cmm/m/it/10 a[]$ \OT1/phv/m/n/
10 and the lin-ear weigthed
 []

[43]) [44]

LaTeX3 Info: Redefining command \BeforeClosingMainAux with sig. 'm' on line
(LaTeX3)     264.

 (./Thesis.aux)
Package rerunfilecheck Info: File `Thesis.out' has not changed.
(rerunfilecheck)             Checksum: 233321886395B4A876967BD3CD9D1523;5288.


LaTeX Warning: There were multiply-defined labels.

 ) 
Here is how much of TeX's memory you used:
 13408 strings out of 479485
 209749 string characters out of 5871977
 620066 words of memory out of 5000000
 29793 multiletter control sequences out of 15000+600000
 573753 words of font info for 90 fonts, out of 8000000 for 9000
 1141 hyphenation exceptions out of 8191
 112i,15n,117p,1313b,513s stack positions out of 5000i,500n,10000p,200000b,80000s
{/usr/local/texlive/2020/texmf-dist/fonts/enc/dvips/base/8r.enc}</usr/local/t
exlive/2020/texmf-dist/fonts/type1/public/amsfonts/cm/cmex10.pfb></usr/local/te
xlive/2020/texmf-dist/fonts/type1/public/amsfonts/cm/cmmi10.pfb></usr/local/tex
live/2020/texmf-dist/fonts/type1/public/amsfonts/cm/cmmi5.pfb></usr/local/texli
ve/2020/texmf-dist/fonts/type1/public/amsfonts/cm/cmmi6.pfb></usr/local/texlive
/2020/texmf-dist/fonts/type1/public/amsfonts/cm/cmmi7.pfb></usr/local/texlive/2
020/texmf-dist/fonts/type1/public/amsfonts/cm/cmmi8.pfb></usr/local/texlive/202
0/texmf-dist/fonts/type1/public/amsfonts/cm/cmr10.pfb></usr/local/texlive/2020/
texmf-dist/fonts/type1/public/amsfonts/cm/cmr6.pfb></usr/local/texlive/2020/tex
mf-dist/fonts/type1/public/amsfonts/cm/cmr7.pfb></usr/local/texlive/2020/texmf-
dist/fonts/type1/public/amsfonts/cm/cmr8.pfb></usr/local/texlive/2020/texmf-dis
t/fonts/type1/public/amsfonts/cm/cmsy10.pfb></usr/local/texlive/2020/texmf-dist
/fonts/type1/public/amsfonts/cm/cmsy5.pfb></usr/local/texlive/2020/texmf-dist/f
onts/type1/public/amsfonts/cm/cmsy7.pfb></usr/local/texlive/2020/texmf-dist/fon
ts/type1/public/amsfonts/cm/cmtt10.pfb></usr/local/texlive/2020/texmf-dist/font
s/type1/public/amsfonts/symbols/msbm10.pfb></usr/local/texlive/2020/texmf-dist/
fonts/type1/urw/helvetic/uhvb8a.pfb></usr/local/texlive/2020/texmf-dist/fonts/t
ype1/urw/helvetic/uhvr8a.pfb></usr/local/texlive/2020/texmf-dist/fonts/type1/ur
w/helvetic/uhvro8a.pfb>
Output written on Thesis.pdf (60 pages, 2714566 bytes).
PDF statistics:
 1353 PDF objects out of 1440 (max. 8388607)
 1022 compressed objects within 11 object streams
 259 named destinations out of 1000 (max. 500000)
 713 words of extra memory for PDF output out of 10000 (max. 10000000)

